*** Error 23 "PF.c" Line 7(8,9): Can not set this option this far into the code
*** Error 48 "PF.c" Line 7(9,12): Expecting a (
*** Error 43 "PF.c" Line 7(13,14): Expecting a declaration
--- Info 300 "PF.c" Line 11(6,10): More info:   First Declaration of MAIN
*** Error 31 "PF.c" Line 54(17,18): Identifier is already used in this scope
*** Error 43 "PF.c" Line 57(4,9): Expecting a declaration
*** Error 43 "PF.c" Line 57(9,10): Expecting a declaration
*** Error 43 "PF.c" Line 57(10,15): Expecting a declaration
*** Error 43 "PF.c" Line 57(14,15): Expecting a declaration
*** Error 43 "PF.c" Line 58(4,5): Expecting a declaration
*** Error 28 "PF.c" Line 59(23,24): Expecting an identifier
*** Error 43 "PF.c" Line 59(25,26): Expecting a declaration
*** Error 28 "PF.c" Line 60(16,17): Expecting an identifier
*** Error 43 "PF.c" Line 60(18,19): Expecting a declaration
*** Error 48 "PF.c" Line 61(7,12): Expecting a (
*** Error 48 "PF.c" Line 62(7,14): Expecting a (
*** Error 43 "PF.c" Line 62(15,16): Expecting a declaration
*** Error 43 "PF.c" Line 62(16,17): Expecting a declaration
*** Error 43 "PF.c" Line 62(17,21): Expecting a declaration
*** Error 43 "PF.c" Line 62(21,22): Expecting a declaration
*** Error 48 "PF.c" Line 62(22,27): Expecting a (
*** Error 43 "PF.c" Line 62(28,29): Expecting a declaration
*** Error 43 "PF.c" Line 62(29,34): Expecting a declaration
*** Error 43 "PF.c" Line 62(34,35): Expecting a declaration
*** Error 28 "PF.c" Line 63(16,19): Expecting an identifier
*** Error 43 "PF.c" Line 63(20,21): Expecting a declaration
*** Error 43 "PF.c" Line 64(4,5): Expecting a declaration
*** Error 43 "PF.c" Line 65(1,2): Expecting a declaration
--- Info 300 "PF.c" Line 11(6,10): More info:   First Declaration of MAIN
*** Error 31 "PF.c" Line 71(11,12): Identifier is already used in this scope
*** Error 28 "PF.c" Line 75(11,30): Expecting an identifier
*** Error 43 "PF.c" Line 75(30,31): Expecting a declaration
*** Error 28 "PF.c" Line 76(16,30): Expecting an identifier
*** Error 43 "PF.c" Line 76(40,41): Expecting a declaration
*** Error 43 "PF.c" Line 76(41,42): Expecting a declaration
*** Error 28 "PF.c" Line 77(17,18): Expecting an identifier
*** Error 43 "PF.c" Line 77(19,20): Expecting a declaration
*** Error 28 "PF.c" Line 81(12,13): Expecting an identifier
*** Error 43 "PF.c" Line 81(14,15): Expecting a declaration
*** Error 43 "PF.c" Line 81(15,16): Expecting a declaration
*** Error 43 "PF.c" Line 81(16,17): Expecting a declaration
*** Error 28 "PF.c" Line 82(30,31): Expecting an identifier
*** Error 43 "PF.c" Line 82(31,32): Expecting a declaration
*** Error 28 "PF.c" Line 83(10,13): Expecting an identifier
*** Error 43 "PF.c" Line 83(14,15): Expecting a declaration
*** Error 43 "PF.c" Line 87(1,6): Expecting a declaration
*** Error 43 "PF.c" Line 87(6,7): Expecting a declaration
*** Error 43 "PF.c" Line 87(7,12): Expecting a declaration
*** Error 43 "PF.c" Line 87(11,12): Expecting a declaration
*** Error 43 "PF.c" Line 88(1,2): Expecting a declaration
*** Error 48 "PF.c" Line 89(1,12): Expecting a (
*** Error 43 "PF.c" Line 89(13,14): Expecting a declaration
*** Error 28 "PF.c" Line 89(19,20): Expecting an identifier
*** Error 43 "PF.c" Line 89(28,29): Expecting a declaration
*** Error 43 "PF.c" Line 89(29,30): Expecting a declaration
*** Error 43 "PF.c" Line 89(30,31): Expecting a declaration
*** Error 43 "PF.c" Line 89(31,32): Expecting a declaration
*** Error 43 "PF.c" Line 89(32,33): Expecting a declaration
*** Error 28 "PF.c" Line 91(12,13): Expecting an identifier
*** Error 43 "PF.c" Line 91(14,15): Expecting a declaration
*** Error 43 "PF.c" Line 91(15,16): Expecting a declaration
*** Error 43 "PF.c" Line 91(16,17): Expecting a declaration
*** Error 28 "PF.c" Line 92(20,21): Expecting an identifier
*** Error 48 "PF.c" Line 92(21,32): Expecting a (
*** Error 43 "PF.c" Line 92(33,34): Expecting a declaration
*** Error 28 "PF.c" Line 93(12,14): Expecting an identifier
*** Error 43 "PF.c" Line 93(15,16): Expecting a declaration
*** Error 43 "PF.c" Line 93(16,17): Expecting a declaration
*** Error 43 "PF.c" Line 93(17,18): Expecting a declaration
*** Error 28 "PF.c" Line 94(25,26): Expecting an identifier
*** Error 43 "PF.c" Line 94(26,27): Expecting a declaration
*** Error 28 "PF.c" Line 95(10,13): Expecting an identifier
*** Error 43 "PF.c" Line 95(14,15): Expecting a declaration
*** Error 43 "PF.c" Line 99(1,3): Expecting a declaration
*** Error 43 "PF.c" Line 99(3,4): Expecting a declaration
*** Error 48 "PF.c" Line 99(4,15): Expecting a (
*** Error 43 "PF.c" Line 99(17,20): Expecting a declaration
*** Error 43 "PF.c" Line 99(20,22): Expecting a declaration
*** Error 48 "PF.c" Line 99(22,33): Expecting a (
*** Error 43 "PF.c" Line 99(35,37): Expecting a declaration
*** Error 43 "PF.c" Line 99(37,38): Expecting a declaration
*** Error 43 "PF.c" Line 100(4,5): Expecting a declaration
*** Error 28 "PF.c" Line 101(16,23): Expecting an identifier
*** Error 43 "PF.c" Line 101(23,24): Expecting a declaration
*** Error 28 "PF.c" Line 102(16,23): Expecting an identifier
*** Error 43 "PF.c" Line 102(23,24): Expecting a declaration
*** Error 28 "PF.c" Line 103(15,22): Expecting an identifier
*** Error 43 "PF.c" Line 103(22,23): Expecting a declaration
*** Error 28 "PF.c" Line 106(15,16): Expecting an identifier
*** Error 43 "PF.c" Line 106(17,18): Expecting a declaration
*** Error 43 "PF.c" Line 106(18,19): Expecting a declaration
*** Error 43 "PF.c" Line 106(19,20): Expecting a declaration
*** Error 28 "PF.c" Line 107(37,38): Expecting an identifier
*** Error 43 "PF.c" Line 107(38,39): Expecting a declaration
*** Error 28 "PF.c" Line 108(13,16): Expecting an identifier
*** Error 43 "PF.c" Line 108(17,18): Expecting a declaration
*** Error 43 "PF.c" Line 109(4,5): Expecting a declaration
*** Error 43 "PF.c" Line 111(1,5): Expecting a declaration
*** Error 43 "PF.c" Line 111(5,6): Expecting a declaration
*** Error 28 "PF.c" Line 112(15,22): Expecting an identifier
*** Error 43 "PF.c" Line 112(22,23): Expecting a declaration
*** Error 28 "PF.c" Line 113(15,22): Expecting an identifier
      100 Errors,  0 Warnings.
Build Failed.
