
ROM used:   465/8192 (6%)
            465/8192 (6%) including unused fragments

            0.4 Average locations per line
            4.7 Average locations per statement

RAM used:   13/368 (4%) at main() level
            27/368 (7%) worst case

Stack used: 1 worst case (1 in main + 0 for interrupts)
Stack size: 8

Lines Stmts  %   Files
----- ----- ---  -----
   63    14  14  PF.c
  768     0   0  ..\..\..\..\..\..\Program Files (x86)\PICC\Devices\16f887.h
  456    84  86  ..\..\..\..\..\..\Program Files (x86)\PICC\Drivers\lcd.c
----- -----
 1287    98 Total

Page ROM  %  RAM   Vol Diff  Functions:
---- --- --- ---   --- ----  ----------
0    163  35    4   319  4.9  MAIN
0     31   7    2    92  2.3  @ITOF
0    204  44   14   433  4.6  @DIVFF
0     63  14   10             @FLT
 Inline         0             @cinit1

Program metrics:
    Functions               3
    Statements              98
    Comments                255
    Volume (V)              1079
    Difficulty (D)          11.6
    Effort to implement (E) 12559
    Time to implement (T)   12 minutes
    Est Delivered Bugs (B)  0
    Cyclomatic Complexity   4
    Maintainability (MI)    133

 Segment     Used  Free
-----------  ----  ----
00000-00003     4  0  
00004-007FF   461  1583  
00800-00FFF     0  2048  
01000-017FF     0  2048  
01800-01FFF     0  2048  



